<?xml version="1.0" encoding="UTF-8"?>
<!-- Generated by org.testng.reporters.JUnitXMLReporter -->
<testsuite ignored="0" hostname="Vaibhav-HP" failures="1" tests="1" name="chrome test" time="13.736" errors="0" timestamp="2024-10-11T08:40:56 IST">
  <testcase classname="testCases.TC_AssetTest" name="verifyHRAsset" time="3.791">
    <failure type="java.lang.AssertionError" message="null">
      <![CDATA[java.lang.AssertionError: null
at testCases.TC_AssetTest.verifyHRAsset(TC_AssetTest.java:50)
at java.base/java.util.ArrayList.forEach(ArrayList.java:1597)
... Removed 27 stack frames]]>
    </failure>
  </testcase> <!-- verifyHRAsset -->
</testsuite> <!-- chrome test -->
