

<!DOCTYPE html>
<html>
<head>
<meta charset="UTF-8">
<meta name="viewport" content="width=device-width, initial-scale=1, shrink-to-fit=no">
<title>Test Execution Report</title>
<link rel="apple-touch-icon" href="https://cdn.jsdelivr.net/gh/extent-framework/extent-github-cdn@b00a2d0486596e73dd7326beacf352c639623a0e/commons/img/logo.png">
<link rel="shortcut icon" href="https://cdn.jsdelivr.net/gh/extent-framework/extent-github-cdn@b00a2d0486596e73dd7326beacf352c639623a0e/commons/img/logo.png">
<link href="https://cdn.jsdelivr.net/gh/extent-framework/extent-github-cdn@ce8b10435bcbae260c334c0d0c6b61d2c19b6168/spark/css/spark-style.css" rel="stylesheet" />
<link href="https://stackpath.bootstrapcdn.com/font-awesome/4.7.0/css/font-awesome.min.css" rel="stylesheet">
<script src="https://cdn.jsdelivr.net/gh/extent-framework/extent-github-cdn@7cc78ce/spark/js/jsontree.js"></script>
<style type="text/css"></style></head><body class="spa -report dark">
  <div class="app">
    <div class="layout">
<div class="header navbar">
<div class="vheader">
<div class="nav-logo">
<a href="#">
<div class="logo" style="background-image: url('https://cdn.jsdelivr.net/gh/extent-framework/extent-github-cdn@b00a2d0486596e73dd7326beacf352c639623a0e/commons/img/logo.png')"></div>
</a>
</div>
<ul class="nav-left">
<li class="search-box">
<a class="search-toggle" href="#">
<i class="search-icon fa fa-search"></i>
<i class="search-icon-close fa fa-close"></i>
</a>
</li>
<li class="search-input"><input id="search-tests" class="form-control" type="text" placeholder="Search..."></li>
</ul>
<ul class="nav-right">
<li class="m-r-10">
<a href="#"><span class="badge badge-primary">HRMS Regression Testing</span></a>
</li>
<li class="m-r-10">
<a href="#"><span class="badge badge-primary">Sept 29, 2025 05:03:37 pm</span></a>
</li>
</ul>
</div>
</div><div class="side-nav">
<div class="side-nav-inner">
<ul class="side-nav-menu">
<li class="nav-item dropdown" onclick="toggleView('test-view')">
<a id="nav-test" class="dropdown-toggle" href="#">
<span class="ico"><i class="fa fa-list"></i></span>
</a>
</li>
<li class="nav-item dropdown" onclick="toggleView('category-view')">
<a id="nav-category" class="dropdown-toggle" href="#">
<span class="ico"><i class="fa fa-tag"></i></span>
</a>
</li>
<li class="nav-item dropdown" onclick="toggleView('dashboard-view')">
<a id="nav-dashboard" class="dropdown-toggle" href="#">
<span class="ico"><i class="fa fa-bar-chart"></i></span>
</a>
</li>
</ul>
</div>
</div>      <div class="vcontainer">
        <div class="main-content">
<div class="test-wrapper row view test-view">
  <div class="test-list">
    <div class="test-list-tools">
<ul class="tools pull-left">
<li><a href="#"><span class="font-size-14">Tests</span></a></li>
</ul>
<ul class="tools text-right">
<li class="dropdown">
<a href="#" class="dropdown-toggle" data-toggle="dropdown"><i class="fa fa-exclamation-circle"></i></a>
<ul id="status-toggle" class="dropdown-menu dropdown-md p-v-0">
<a class="dropdown-item" status="pass" href="#"><span>Pass</span><span class="status success"></span></a>
<a class="dropdown-item" status="fail" href="#"><span>Fail</span><span class="status danger"></span></a>
<a class="dropdown-item" status="skip" href="#"><span>Skip</span><span class="status warning"></span></a>
<div class="dropdown-divider"></div>
<a status="clear" class="dropdown-item" href="#"><span>Clear</span><span class="pull-right"><i class="fa fa-close"></i></span></a>
</ul>
</li>
<li class="dropdown">
<a href="#" class="dropdown-toggle" data-toggle="dropdown"><i class="fa fa-tag"></i></a>
<ul id="tag-toggle" class="dropdown-menu dropdown-md p-v-0">
<a class="dropdown-item" href="#">functional</a>
</ul>
</li>
</ul>
</div>    <div class="test-list-wrapper scrollable">
      <ul class="test-list-item">
        <li class="test-item"  status="pass" test-id="1"
          author=""
          tag="functional"
          device="">
          <div class="test-detail">
            <p class="name">testCases.HRMS.HRCore.CreateDeleteFullEmployeeTest.createNewPayrollEmployee</p>
            <p class="text-sm">
              <span>5:04:33 pm</span> / <span>00:00:00:004</span>
              <span class="badge pass-bg log float-right">Pass</span>
            </p>
          </div>
          <div class="test-contents d-none">
<div class="detail-head">
<div class="p-v-10">
<div class="info">
<h5 class="test-status text-pass">testCases.HRMS.HRCore.CreateDeleteFullEmployeeTest.createNewPayrollEmployee</h5>
<span class='badge badge-success'>09.29.2025 5:04:33 pm</span>
<span class='badge badge-danger'>09.29.2025 5:04:33 pm</span>
<span class='badge badge-default'>00:00:00:004</span>
&middot; <span class='uri-anchor badge badge-default'>#test-id=1</span>
<span title='Skip to the next failed step' class='badge badge-danger pointer float-right ne ml-1'><i class="fa fa-fast-forward"></i></span>
<span title='Collapse all nodes' class='badge badge-default pointer float-right ct ml-1'><i class="fa fa-compress"></i></span>
<span title='Expand all nodes' class='badge badge-default pointer float-right et'><i class="fa fa-expand"></i></span>
</div>
<div class="m-t-15"><span class="badge badge-pill badge-default">functional</span></div>
</div>
</div><div class="detail-body mt-4">
<table class="table table-sm">
  <thead><tr><th class="status-col">Status</th><th class="timestamp-col">Timestamp</th><th class="details-col">Details</th></tr></thead>
  <tbody>
      <tr class="event-row">
        <td><span class="badge log pass-bg">Pass</span></td>
        <td>5:04:33 pm</td>
        <td>
          createNewPayrollEmployee got successfully executed
        </td>
      </tr>
  </tbody>
</table>
</div>
          </div>
        </li>
        <li class="test-item"  status="skip" test-id="2"
          author=""
          tag="functional"
          device="">
          <div class="test-detail">
            <p class="name">testCases.HRMS.HRCore.CreateDeleteFullEmployeeTest.verifyPersonalTab</p>
            <p class="text-sm">
              <span>5:04:44 pm</span> / <span>00:00:00:001</span>
              <span class="badge skip-bg log float-right">Skip</span>
            </p>
          </div>
          <div class="test-contents d-none">
<div class="detail-head">
<div class="p-v-10">
<div class="info">
<h5 class="test-status text-skip">testCases.HRMS.HRCore.CreateDeleteFullEmployeeTest.verifyPersonalTab</h5>
<span class='badge badge-success'>09.29.2025 5:04:44 pm</span>
<span class='badge badge-danger'>09.29.2025 5:04:44 pm</span>
<span class='badge badge-default'>00:00:00:001</span>
&middot; <span class='uri-anchor badge badge-default'>#test-id=2</span>
<span title='Skip to the next failed step' class='badge badge-danger pointer float-right ne ml-1'><i class="fa fa-fast-forward"></i></span>
<span title='Collapse all nodes' class='badge badge-default pointer float-right ct ml-1'><i class="fa fa-compress"></i></span>
<span title='Expand all nodes' class='badge badge-default pointer float-right et'><i class="fa fa-expand"></i></span>
</div>
<div class="m-t-15"><span class="badge badge-pill badge-default">functional</span></div>
</div>
</div><div class="detail-body mt-4">
<table class="table table-sm">
  <thead><tr><th class="status-col">Status</th><th class="timestamp-col">Timestamp</th><th class="details-col">Details</th></tr></thead>
  <tbody>
      <tr class="event-row">
        <td><span class="badge log skip-bg">Skip</span></td>
        <td>5:04:44 pm</td>
        <td>
          verifyPersonalTab got skipped
        </td>
      </tr>
      <tr class="event-row">
        <td><span class="badge log info-bg">Info</span></td>
        <td>5:04:44 pm</td>
        <td>
          Test case failed: org.openqa.selenium.NoSuchElementException: no such element: Unable to locate element: {"method":"xpath","selector":"/html[1]/body[1]/div[6]/div[1]/main[1]/div[2]/div[2]/div[2]/div[1]/div[1]/div[1]/div[2]/div[1]/div[1]/div[1]/div[1]/div[1]/div[1]/div[1]/div[1]/div[1]/div[1]/div[1]/div[1]/div[1]/div[2]/div[1]/div[1]/div[1]/div[1]/div[1]/div[1]/div[1]/div[1]/div[1]/div[1]/div[1]/div[1]/div[1]/div[1]/div[1]/div[1]/div[1]/div[1]/div[1]/div[4]/div[1]/div[1]/div[1]/div[1]/div[1]/div[1]/div[1]/input[1]"}
  (Session info: chrome=140.0.7339.208)
For documentation on this error, please visit: https://www.selenium.dev/documentation/webdriver/troubleshooting/errors#no-such-element-exception
Build info: version: '4.33.0', revision: '2c6aaad03a'
System info: os.name: 'Windows 10', os.arch: 'amd64', os.version: '10.0', java.version: '22'
Driver info: org.openqa.selenium.chrome.ChromeDriver
Command: [72043456d38d74089c5f4b9eb366e22e, findElement {using=xpath, value=/html[1]/body[1]/div[6]/div[1]/main[1]/div[2]/div[2]/div[2]/div[1]/div[1]/div[1]/div[2]/div[1]/div[1]/div[1]/div[1]/div[1]/div[1]/div[1]/div[1]/div[1]/div[1]/div[1]/div[1]/div[1]/div[2]/div[1]/div[1]/div[1]/div[1]/div[1]/div[1]/div[1]/div[1]/div[1]/div[1]/div[1]/div[1]/div[1]/div[1]/div[1]/div[1]/div[1]/div[1]/div[1]/div[4]/div[1]/div[1]/div[1]/div[1]/div[1]/div[1]/div[1]/input[1]}]
Capabilities {acceptInsecureCerts: false, browserName: chrome, browserVersion: 140.0.7339.208, chrome: {chromedriverVersion: 140.0.7339.207 (17230b545fd..., userDataDir: C:\Users\admin\AppData\Loca...}, fedcm:accounts: true, goog:chromeOptions: {debuggerAddress: localhost:61082}, networkConnectionEnabled: false, pageLoadStrategy: normal, platformName: windows, proxy: Proxy(), se:cdp: ws://localhost:61082/devtoo..., se:cdpVersion: 140.0.7339.208, setWindowRect: true, strictFileInteractability: false, timeouts: {implicit: 0, pageLoad: 300000, script: 30000}, unhandledPromptBehavior: dismiss and notify, webauthn:extension:credBlob: true, webauthn:extension:largeBlob: true, webauthn:extension:minPinLength: true, webauthn:extension:prf: true, webauthn:virtualAuthenticators: true}
Session ID: 72043456d38d74089c5f4b9eb366e22e
        </td>
      </tr>
  </tbody>
</table>
</div>
          </div>
        </li>
        <li class="test-item"  status="fail" test-id="3"
          author=""
          tag="functional"
          device="">
          <div class="test-detail">
            <p class="name">testCases.HRMS.HRCore.CreateDeleteFullEmployeeTest.verifyPersonalTab</p>
            <p class="text-sm">
              <span>5:04:54 pm</span> / <span>00:00:00:133</span>
              <span class="badge fail-bg log float-right">Fail</span>
            </p>
          </div>
          <div class="test-contents d-none">
<div class="detail-head">
<div class="p-v-10">
<div class="info">
<h5 class="test-status text-fail">testCases.HRMS.HRCore.CreateDeleteFullEmployeeTest.verifyPersonalTab</h5>
<span class='badge badge-success'>09.29.2025 5:04:54 pm</span>
<span class='badge badge-danger'>09.29.2025 5:04:54 pm</span>
<span class='badge badge-default'>00:00:00:133</span>
&middot; <span class='uri-anchor badge badge-default'>#test-id=3</span>
<span title='Skip to the next failed step' class='badge badge-danger pointer float-right ne ml-1'><i class="fa fa-fast-forward"></i></span>
<span title='Collapse all nodes' class='badge badge-default pointer float-right ct ml-1'><i class="fa fa-compress"></i></span>
<span title='Expand all nodes' class='badge badge-default pointer float-right et'><i class="fa fa-expand"></i></span>
</div>
<div class="m-t-15"><span class="badge badge-pill badge-default">functional</span></div>
</div>
</div>    <div class="row mb-3"><div class="col-md-3">
    

<img data-featherlight='D:\Vaibhav\Automation\IdeaProjects\Enfinity_HybridFramework\screenshots\verifyPersonalTab_20250929050454.png' src="D:\Vaibhav\Automation\IdeaProjects\Enfinity_HybridFramework\screenshots\verifyPersonalTab_20250929050454.png">
  
    

    </div></div>
<div class="detail-body mt-4">
<table class="table table-sm">
  <thead><tr><th class="status-col">Status</th><th class="timestamp-col">Timestamp</th><th class="details-col">Details</th></tr></thead>
  <tbody>
      <tr class="event-row">
        <td><span class="badge log fail-bg">Fail</span></td>
        <td>5:04:54 pm</td>
        <td>
          verifyPersonalTab got failed
        </td>
      </tr>
      <tr class="event-row">
        <td><span class="badge log info-bg">Info</span></td>
        <td>5:04:54 pm</td>
        <td>
          Test case failed: org.openqa.selenium.ElementNotInteractableException: element not interactable
  (Session info: chrome=140.0.7339.208)
Build info: version: '4.33.0', revision: '2c6aaad03a'
System info: os.name: 'Windows 10', os.arch: 'amd64', os.version: '10.0', java.version: '22'
Driver info: org.openqa.selenium.chrome.ChromeDriver
Command: [72043456d38d74089c5f4b9eb366e22e, sendKeysToElement {value=[Ljava.lang.CharSequence;@7f42e06e, id=f.E9C50833E68F3B2FCE9B6CAD58ECDAA9.d.442A4D319651737EF52F9A7775253B5D.e.377}]
Capabilities {acceptInsecureCerts: false, browserName: chrome, browserVersion: 140.0.7339.208, chrome: {chromedriverVersion: 140.0.7339.207 (17230b545fd..., userDataDir: C:\Users\admin\AppData\Loca...}, fedcm:accounts: true, goog:chromeOptions: {debuggerAddress: localhost:61082}, networkConnectionEnabled: false, pageLoadStrategy: normal, platformName: windows, proxy: Proxy(), se:cdp: ws://localhost:61082/devtoo..., se:cdpVersion: 140.0.7339.208, setWindowRect: true, strictFileInteractability: false, timeouts: {implicit: 0, pageLoad: 300000, script: 30000}, unhandledPromptBehavior: dismiss and notify, webauthn:extension:credBlob: true, webauthn:extension:largeBlob: true, webauthn:extension:minPinLength: true, webauthn:extension:prf: true, webauthn:virtualAuthenticators: true}
Element: [[ChromeDriver: chrome on windows (72043456d38d74089c5f4b9eb366e22e)] -> xpath: //input[@name='NameL2']]
Session ID: 72043456d38d74089c5f4b9eb366e22e
        </td>
      </tr>
  </tbody>
</table>
</div>
          </div>
        </li>
        <li class="test-item"  status="skip" test-id="4"
          author=""
          tag="functional"
          device="">
          <div class="test-detail">
            <p class="name">testCases.HRMS.HRCore.CreateDeleteFullEmployeeTest.verifyJobTab</p>
            <p class="text-sm">
              <span>5:05:19 pm</span> / <span>00:00:00:001</span>
              <span class="badge skip-bg log float-right">Skip</span>
            </p>
          </div>
          <div class="test-contents d-none">
<div class="detail-head">
<div class="p-v-10">
<div class="info">
<h5 class="test-status text-skip">testCases.HRMS.HRCore.CreateDeleteFullEmployeeTest.verifyJobTab</h5>
<span class='badge badge-success'>09.29.2025 5:05:19 pm</span>
<span class='badge badge-danger'>09.29.2025 5:05:19 pm</span>
<span class='badge badge-default'>00:00:00:001</span>
&middot; <span class='uri-anchor badge badge-default'>#test-id=4</span>
<span title='Skip to the next failed step' class='badge badge-danger pointer float-right ne ml-1'><i class="fa fa-fast-forward"></i></span>
<span title='Collapse all nodes' class='badge badge-default pointer float-right ct ml-1'><i class="fa fa-compress"></i></span>
<span title='Expand all nodes' class='badge badge-default pointer float-right et'><i class="fa fa-expand"></i></span>
</div>
<div class="m-t-15"><span class="badge badge-pill badge-default">functional</span></div>
</div>
</div><div class="detail-body mt-4">
<table class="table table-sm">
  <thead><tr><th class="status-col">Status</th><th class="timestamp-col">Timestamp</th><th class="details-col">Details</th></tr></thead>
  <tbody>
      <tr class="event-row">
        <td><span class="badge log skip-bg">Skip</span></td>
        <td>5:05:19 pm</td>
        <td>
          verifyJobTab got skipped
        </td>
      </tr>
      <tr class="event-row">
        <td><span class="badge log info-bg">Info</span></td>
        <td>5:05:19 pm</td>
        <td>
          Test case failed: org.openqa.selenium.ElementClickInterceptedException: element click intercepted: Element <i class="dx-icon dx-icon-edit-button-addrow"></i> is not clickable at point (347, 597). Other element would receive the click: <div class="dx-toast-message" role="alert">...</div>
  (Session info: chrome=140.0.7339.208)
Build info: version: '4.33.0', revision: '2c6aaad03a'
System info: os.name: 'Windows 10', os.arch: 'amd64', os.version: '10.0', java.version: '22'
Driver info: org.openqa.selenium.chrome.ChromeDriver
Command: [72043456d38d74089c5f4b9eb366e22e, clickElement {id=f.E9C50833E68F3B2FCE9B6CAD58ECDAA9.d.24D0EF79CB43D1ADC20C889BD0544FCE.e.697}]
Capabilities {acceptInsecureCerts: false, browserName: chrome, browserVersion: 140.0.7339.208, chrome: {chromedriverVersion: 140.0.7339.207 (17230b545fd..., userDataDir: C:\Users\admin\AppData\Loca...}, fedcm:accounts: true, goog:chromeOptions: {debuggerAddress: localhost:61082}, networkConnectionEnabled: false, pageLoadStrategy: normal, platformName: windows, proxy: Proxy(), se:cdp: ws://localhost:61082/devtoo..., se:cdpVersion: 140.0.7339.208, setWindowRect: true, strictFileInteractability: false, timeouts: {implicit: 0, pageLoad: 300000, script: 30000}, unhandledPromptBehavior: dismiss and notify, webauthn:extension:credBlob: true, webauthn:extension:largeBlob: true, webauthn:extension:minPinLength: true, webauthn:extension:prf: true, webauthn:virtualAuthenticators: true}
Element: [[ChromeDriver: chrome on windows (72043456d38d74089c5f4b9eb366e22e)] -> xpath: //div[@title='Add Qualification']//i[@class='dx-icon dx-icon-edit-button-addrow']]
Session ID: 72043456d38d74089c5f4b9eb366e22e
        </td>
      </tr>
  </tbody>
</table>
</div>
          </div>
        </li>
        <li class="test-item"  status="fail" test-id="5"
          author=""
          tag="functional"
          device="">
          <div class="test-detail">
            <p class="name">testCases.HRMS.HRCore.CreateDeleteFullEmployeeTest.verifyJobTab</p>
            <p class="text-sm">
              <span>5:05:44 pm</span> / <span>00:00:00:081</span>
              <span class="badge fail-bg log float-right">Fail</span>
            </p>
          </div>
          <div class="test-contents d-none">
<div class="detail-head">
<div class="p-v-10">
<div class="info">
<h5 class="test-status text-fail">testCases.HRMS.HRCore.CreateDeleteFullEmployeeTest.verifyJobTab</h5>
<span class='badge badge-success'>09.29.2025 5:05:44 pm</span>
<span class='badge badge-danger'>09.29.2025 5:05:44 pm</span>
<span class='badge badge-default'>00:00:00:081</span>
&middot; <span class='uri-anchor badge badge-default'>#test-id=5</span>
<span title='Skip to the next failed step' class='badge badge-danger pointer float-right ne ml-1'><i class="fa fa-fast-forward"></i></span>
<span title='Collapse all nodes' class='badge badge-default pointer float-right ct ml-1'><i class="fa fa-compress"></i></span>
<span title='Expand all nodes' class='badge badge-default pointer float-right et'><i class="fa fa-expand"></i></span>
</div>
<div class="m-t-15"><span class="badge badge-pill badge-default">functional</span></div>
</div>
</div>    <div class="row mb-3"><div class="col-md-3">
    

<img data-featherlight='D:\Vaibhav\Automation\IdeaProjects\Enfinity_HybridFramework\screenshots\verifyJobTab_20250929050544.png' src="D:\Vaibhav\Automation\IdeaProjects\Enfinity_HybridFramework\screenshots\verifyJobTab_20250929050544.png">
  
    

    </div></div>
<div class="detail-body mt-4">
<table class="table table-sm">
  <thead><tr><th class="status-col">Status</th><th class="timestamp-col">Timestamp</th><th class="details-col">Details</th></tr></thead>
  <tbody>
      <tr class="event-row">
        <td><span class="badge log fail-bg">Fail</span></td>
        <td>5:05:44 pm</td>
        <td>
          verifyJobTab got failed
        </td>
      </tr>
      <tr class="event-row">
        <td><span class="badge log info-bg">Info</span></td>
        <td>5:05:44 pm</td>
        <td>
          Test case failed: org.openqa.selenium.ElementClickInterceptedException: element click intercepted: Element <i class="dx-icon dx-icon-edit-button-addrow"></i> is not clickable at point (347, 597). Other element would receive the click: <div class="dx-toast-message" role="alert">...</div>
  (Session info: chrome=140.0.7339.208)
Build info: version: '4.33.0', revision: '2c6aaad03a'
System info: os.name: 'Windows 10', os.arch: 'amd64', os.version: '10.0', java.version: '22'
Driver info: org.openqa.selenium.chrome.ChromeDriver
Command: [72043456d38d74089c5f4b9eb366e22e, clickElement {id=f.E9C50833E68F3B2FCE9B6CAD58ECDAA9.d.794D7D2364FF8F618E724DF69C1A4C5B.e.923}]
Capabilities {acceptInsecureCerts: false, browserName: chrome, browserVersion: 140.0.7339.208, chrome: {chromedriverVersion: 140.0.7339.207 (17230b545fd..., userDataDir: C:\Users\admin\AppData\Loca...}, fedcm:accounts: true, goog:chromeOptions: {debuggerAddress: localhost:61082}, networkConnectionEnabled: false, pageLoadStrategy: normal, platformName: windows, proxy: Proxy(), se:cdp: ws://localhost:61082/devtoo..., se:cdpVersion: 140.0.7339.208, setWindowRect: true, strictFileInteractability: false, timeouts: {implicit: 0, pageLoad: 300000, script: 30000}, unhandledPromptBehavior: dismiss and notify, webauthn:extension:credBlob: true, webauthn:extension:largeBlob: true, webauthn:extension:minPinLength: true, webauthn:extension:prf: true, webauthn:virtualAuthenticators: true}
Element: [[ChromeDriver: chrome on windows (72043456d38d74089c5f4b9eb366e22e)] -> xpath: //div[@title='Add Qualification']//i[@class='dx-icon dx-icon-edit-button-addrow']]
Session ID: 72043456d38d74089c5f4b9eb366e22e
        </td>
      </tr>
  </tbody>
</table>
</div>
          </div>
        </li>
        <li class="test-item"  status="skip" test-id="6"
          author=""
          tag="functional"
          device="">
          <div class="test-detail">
            <p class="name">testCases.HRMS.HRCore.CreateDeleteFullEmployeeTest.verifyPayrollTab</p>
            <p class="text-sm">
              <span>5:05:51 pm</span> / <span>00:00:00:000</span>
              <span class="badge skip-bg log float-right">Skip</span>
            </p>
          </div>
          <div class="test-contents d-none">
<div class="detail-head">
<div class="p-v-10">
<div class="info">
<h5 class="test-status text-skip">testCases.HRMS.HRCore.CreateDeleteFullEmployeeTest.verifyPayrollTab</h5>
<span class='badge badge-success'>09.29.2025 5:05:51 pm</span>
<span class='badge badge-danger'>09.29.2025 5:05:51 pm</span>
<span class='badge badge-default'>00:00:00:000</span>
&middot; <span class='uri-anchor badge badge-default'>#test-id=6</span>
<span title='Skip to the next failed step' class='badge badge-danger pointer float-right ne ml-1'><i class="fa fa-fast-forward"></i></span>
<span title='Collapse all nodes' class='badge badge-default pointer float-right ct ml-1'><i class="fa fa-compress"></i></span>
<span title='Expand all nodes' class='badge badge-default pointer float-right et'><i class="fa fa-expand"></i></span>
</div>
<div class="m-t-15"><span class="badge badge-pill badge-default">functional</span></div>
</div>
</div><div class="detail-body mt-4">
<table class="table table-sm">
  <thead><tr><th class="status-col">Status</th><th class="timestamp-col">Timestamp</th><th class="details-col">Details</th></tr></thead>
  <tbody>
      <tr class="event-row">
        <td><span class="badge log skip-bg">Skip</span></td>
        <td>5:05:51 pm</td>
        <td>
          verifyPayrollTab got skipped
        </td>
      </tr>
      <tr class="event-row">
        <td><span class="badge log info-bg">Info</span></td>
        <td>5:05:51 pm</td>
        <td>
          Test case failed: org.openqa.selenium.InvalidSelectorException: invalid selector: Unable to locate an element with the xpath expression ... because of the following error:
SyntaxError: Failed to execute 'evaluate' on 'Document': The string '...' is not a valid XPath expression.
  (Session info: chrome=140.0.7339.208)
For documentation on this error, please visit: https://www.selenium.dev/documentation/webdriver/troubleshooting/errors#invalid-selector-exception
Build info: version: '4.33.0', revision: '2c6aaad03a'
System info: os.name: 'Windows 10', os.arch: 'amd64', os.version: '10.0', java.version: '22'
Driver info: org.openqa.selenium.chrome.ChromeDriver
Command: [72043456d38d74089c5f4b9eb366e22e, findElement {using=xpath, value=...}]
Capabilities {acceptInsecureCerts: false, browserName: chrome, browserVersion: 140.0.7339.208, chrome: {chromedriverVersion: 140.0.7339.207 (17230b545fd..., userDataDir: C:\Users\admin\AppData\Loca...}, fedcm:accounts: true, goog:chromeOptions: {debuggerAddress: localhost:61082}, networkConnectionEnabled: false, pageLoadStrategy: normal, platformName: windows, proxy: Proxy(), se:cdp: ws://localhost:61082/devtoo..., se:cdpVersion: 140.0.7339.208, setWindowRect: true, strictFileInteractability: false, timeouts: {implicit: 0, pageLoad: 300000, script: 30000}, unhandledPromptBehavior: dismiss and notify, webauthn:extension:credBlob: true, webauthn:extension:largeBlob: true, webauthn:extension:minPinLength: true, webauthn:extension:prf: true, webauthn:virtualAuthenticators: true}
Session ID: 72043456d38d74089c5f4b9eb366e22e
        </td>
      </tr>
  </tbody>
</table>
</div>
          </div>
        </li>
        <li class="test-item"  status="fail" test-id="7"
          author=""
          tag="functional"
          device="">
          <div class="test-detail">
            <p class="name">testCases.HRMS.HRCore.CreateDeleteFullEmployeeTest.verifyPayrollTab</p>
            <p class="text-sm">
              <span>5:05:59 pm</span> / <span>00:00:00:097</span>
              <span class="badge fail-bg log float-right">Fail</span>
            </p>
          </div>
          <div class="test-contents d-none">
<div class="detail-head">
<div class="p-v-10">
<div class="info">
<h5 class="test-status text-fail">testCases.HRMS.HRCore.CreateDeleteFullEmployeeTest.verifyPayrollTab</h5>
<span class='badge badge-success'>09.29.2025 5:05:59 pm</span>
<span class='badge badge-danger'>09.29.2025 5:05:59 pm</span>
<span class='badge badge-default'>00:00:00:097</span>
&middot; <span class='uri-anchor badge badge-default'>#test-id=7</span>
<span title='Skip to the next failed step' class='badge badge-danger pointer float-right ne ml-1'><i class="fa fa-fast-forward"></i></span>
<span title='Collapse all nodes' class='badge badge-default pointer float-right ct ml-1'><i class="fa fa-compress"></i></span>
<span title='Expand all nodes' class='badge badge-default pointer float-right et'><i class="fa fa-expand"></i></span>
</div>
<div class="m-t-15"><span class="badge badge-pill badge-default">functional</span></div>
</div>
</div>    <div class="row mb-3"><div class="col-md-3">
    

<img data-featherlight='D:\Vaibhav\Automation\IdeaProjects\Enfinity_HybridFramework\screenshots\verifyPayrollTab_20250929050559.png' src="D:\Vaibhav\Automation\IdeaProjects\Enfinity_HybridFramework\screenshots\verifyPayrollTab_20250929050559.png">
  
    

    </div></div>
<div class="detail-body mt-4">
<table class="table table-sm">
  <thead><tr><th class="status-col">Status</th><th class="timestamp-col">Timestamp</th><th class="details-col">Details</th></tr></thead>
  <tbody>
      <tr class="event-row">
        <td><span class="badge log fail-bg">Fail</span></td>
        <td>5:05:59 pm</td>
        <td>
          verifyPayrollTab got failed
        </td>
      </tr>
      <tr class="event-row">
        <td><span class="badge log info-bg">Info</span></td>
        <td>5:05:59 pm</td>
        <td>
          Test case failed: org.openqa.selenium.InvalidSelectorException: invalid selector: Unable to locate an element with the xpath expression ... because of the following error:
SyntaxError: Failed to execute 'evaluate' on 'Document': The string '...' is not a valid XPath expression.
  (Session info: chrome=140.0.7339.208)
For documentation on this error, please visit: https://www.selenium.dev/documentation/webdriver/troubleshooting/errors#invalid-selector-exception
Build info: version: '4.33.0', revision: '2c6aaad03a'
System info: os.name: 'Windows 10', os.arch: 'amd64', os.version: '10.0', java.version: '22'
Driver info: org.openqa.selenium.chrome.ChromeDriver
Command: [72043456d38d74089c5f4b9eb366e22e, findElement {using=xpath, value=...}]
Capabilities {acceptInsecureCerts: false, browserName: chrome, browserVersion: 140.0.7339.208, chrome: {chromedriverVersion: 140.0.7339.207 (17230b545fd..., userDataDir: C:\Users\admin\AppData\Loca...}, fedcm:accounts: true, goog:chromeOptions: {debuggerAddress: localhost:61082}, networkConnectionEnabled: false, pageLoadStrategy: normal, platformName: windows, proxy: Proxy(), se:cdp: ws://localhost:61082/devtoo..., se:cdpVersion: 140.0.7339.208, setWindowRect: true, strictFileInteractability: false, timeouts: {implicit: 0, pageLoad: 300000, script: 30000}, unhandledPromptBehavior: dismiss and notify, webauthn:extension:credBlob: true, webauthn:extension:largeBlob: true, webauthn:extension:minPinLength: true, webauthn:extension:prf: true, webauthn:virtualAuthenticators: true}
Session ID: 72043456d38d74089c5f4b9eb366e22e
        </td>
      </tr>
  </tbody>
</table>
</div>
          </div>
        </li>
        <li class="test-item"  status="skip" test-id="8"
          author=""
          tag="functional"
          device="">
          <div class="test-detail">
            <p class="name">testCases.HRMS.HRCore.CreateDeleteFullEmployeeTest.verifyTimeOffTab</p>
            <p class="text-sm">
              <span>5:05:59 pm</span> / <span>00:00:00:000</span>
              <span class="badge skip-bg log float-right">Skip</span>
            </p>
          </div>
          <div class="test-contents d-none">
<div class="detail-head">
<div class="p-v-10">
<div class="info">
<h5 class="test-status text-skip">testCases.HRMS.HRCore.CreateDeleteFullEmployeeTest.verifyTimeOffTab</h5>
<span class='badge badge-success'>09.29.2025 5:05:59 pm</span>
<span class='badge badge-danger'>09.29.2025 5:05:59 pm</span>
<span class='badge badge-default'>00:00:00:000</span>
&middot; <span class='uri-anchor badge badge-default'>#test-id=8</span>
<span title='Skip to the next failed step' class='badge badge-danger pointer float-right ne ml-1'><i class="fa fa-fast-forward"></i></span>
<span title='Collapse all nodes' class='badge badge-default pointer float-right ct ml-1'><i class="fa fa-compress"></i></span>
<span title='Expand all nodes' class='badge badge-default pointer float-right et'><i class="fa fa-expand"></i></span>
</div>
<div class="m-t-15"><span class="badge badge-pill badge-default">functional</span></div>
</div>
</div><div class="detail-body mt-4">
<table class="table table-sm">
  <thead><tr><th class="status-col">Status</th><th class="timestamp-col">Timestamp</th><th class="details-col">Details</th></tr></thead>
  <tbody>
      <tr class="event-row">
        <td><span class="badge log skip-bg">Skip</span></td>
        <td>5:05:59 pm</td>
        <td>
          verifyTimeOffTab got skipped
        </td>
      </tr>
      <tr class="event-row">
        <td><span class="badge log info-bg">Info</span></td>
        <td>5:05:59 pm</td>
        <td>
          Test case failed: java.lang.RuntimeException: Failed to parse JSON list data model
        </td>
      </tr>
  </tbody>
</table>
</div>
          </div>
        </li>
        <li class="test-item"  status="fail" test-id="9"
          author=""
          tag="functional"
          device="">
          <div class="test-detail">
            <p class="name">testCases.HRMS.HRCore.CreateDeleteFullEmployeeTest.verifyTimeOffTab</p>
            <p class="text-sm">
              <span>5:05:59 pm</span> / <span>00:00:00:077</span>
              <span class="badge fail-bg log float-right">Fail</span>
            </p>
          </div>
          <div class="test-contents d-none">
<div class="detail-head">
<div class="p-v-10">
<div class="info">
<h5 class="test-status text-fail">testCases.HRMS.HRCore.CreateDeleteFullEmployeeTest.verifyTimeOffTab</h5>
<span class='badge badge-success'>09.29.2025 5:05:59 pm</span>
<span class='badge badge-danger'>09.29.2025 5:05:59 pm</span>
<span class='badge badge-default'>00:00:00:077</span>
&middot; <span class='uri-anchor badge badge-default'>#test-id=9</span>
<span title='Skip to the next failed step' class='badge badge-danger pointer float-right ne ml-1'><i class="fa fa-fast-forward"></i></span>
<span title='Collapse all nodes' class='badge badge-default pointer float-right ct ml-1'><i class="fa fa-compress"></i></span>
<span title='Expand all nodes' class='badge badge-default pointer float-right et'><i class="fa fa-expand"></i></span>
</div>
<div class="m-t-15"><span class="badge badge-pill badge-default">functional</span></div>
</div>
</div>    <div class="row mb-3"><div class="col-md-3">
    

<img data-featherlight='D:\Vaibhav\Automation\IdeaProjects\Enfinity_HybridFramework\screenshots\verifyTimeOffTab_20250929050559.png' src="D:\Vaibhav\Automation\IdeaProjects\Enfinity_HybridFramework\screenshots\verifyTimeOffTab_20250929050559.png">
  
    

    </div></div>
<div class="detail-body mt-4">
<table class="table table-sm">
  <thead><tr><th class="status-col">Status</th><th class="timestamp-col">Timestamp</th><th class="details-col">Details</th></tr></thead>
  <tbody>
      <tr class="event-row">
        <td><span class="badge log fail-bg">Fail</span></td>
        <td>5:05:59 pm</td>
        <td>
          verifyTimeOffTab got failed
        </td>
      </tr>
      <tr class="event-row">
        <td><span class="badge log info-bg">Info</span></td>
        <td>5:05:59 pm</td>
        <td>
          Test case failed: java.lang.RuntimeException: Failed to parse JSON list data model
        </td>
      </tr>
  </tbody>
</table>
</div>
          </div>
        </li>
        <li class="test-item"  status="skip" test-id="10"
          author=""
          tag="functional"
          device="">
          <div class="test-detail">
            <p class="name">testCases.HRMS.HRCore.CreateDeleteFullEmployeeTest.verifyAttendanceTab</p>
            <p class="text-sm">
              <span>5:06:22 pm</span> / <span>00:00:00:001</span>
              <span class="badge skip-bg log float-right">Skip</span>
            </p>
          </div>
          <div class="test-contents d-none">
<div class="detail-head">
<div class="p-v-10">
<div class="info">
<h5 class="test-status text-skip">testCases.HRMS.HRCore.CreateDeleteFullEmployeeTest.verifyAttendanceTab</h5>
<span class='badge badge-success'>09.29.2025 5:06:22 pm</span>
<span class='badge badge-danger'>09.29.2025 5:06:22 pm</span>
<span class='badge badge-default'>00:00:00:001</span>
&middot; <span class='uri-anchor badge badge-default'>#test-id=10</span>
<span title='Skip to the next failed step' class='badge badge-danger pointer float-right ne ml-1'><i class="fa fa-fast-forward"></i></span>
<span title='Collapse all nodes' class='badge badge-default pointer float-right ct ml-1'><i class="fa fa-compress"></i></span>
<span title='Expand all nodes' class='badge badge-default pointer float-right et'><i class="fa fa-expand"></i></span>
</div>
<div class="m-t-15"><span class="badge badge-pill badge-default">functional</span></div>
</div>
</div><div class="detail-body mt-4">
<table class="table table-sm">
  <thead><tr><th class="status-col">Status</th><th class="timestamp-col">Timestamp</th><th class="details-col">Details</th></tr></thead>
  <tbody>
      <tr class="event-row">
        <td><span class="badge log skip-bg">Skip</span></td>
        <td>5:06:22 pm</td>
        <td>
          verifyAttendanceTab got skipped
        </td>
      </tr>
      <tr class="event-row">
        <td><span class="badge log info-bg">Info</span></td>
        <td>5:06:22 pm</td>
        <td>
          Test case failed: org.openqa.selenium.NoSuchElementException: no such element: Unable to locate element: {"method":"xpath","selector":"//input[contains(@id,'ShiftPreference')]"}
  (Session info: chrome=140.0.7339.208)
For documentation on this error, please visit: https://www.selenium.dev/documentation/webdriver/troubleshooting/errors#no-such-element-exception
Build info: version: '4.33.0', revision: '2c6aaad03a'
System info: os.name: 'Windows 10', os.arch: 'amd64', os.version: '10.0', java.version: '22'
Driver info: org.openqa.selenium.chrome.ChromeDriver
Command: [72043456d38d74089c5f4b9eb366e22e, findElement {using=xpath, value=//input[contains(@id,'ShiftPreference')]}]
Capabilities {acceptInsecureCerts: false, browserName: chrome, browserVersion: 140.0.7339.208, chrome: {chromedriverVersion: 140.0.7339.207 (17230b545fd..., userDataDir: C:\Users\admin\AppData\Loca...}, fedcm:accounts: true, goog:chromeOptions: {debuggerAddress: localhost:61082}, networkConnectionEnabled: false, pageLoadStrategy: normal, platformName: windows, proxy: Proxy(), se:cdp: ws://localhost:61082/devtoo..., se:cdpVersion: 140.0.7339.208, setWindowRect: true, strictFileInteractability: false, timeouts: {implicit: 0, pageLoad: 300000, script: 30000}, unhandledPromptBehavior: dismiss and notify, webauthn:extension:credBlob: true, webauthn:extension:largeBlob: true, webauthn:extension:minPinLength: true, webauthn:extension:prf: true, webauthn:virtualAuthenticators: true}
Session ID: 72043456d38d74089c5f4b9eb366e22e
        </td>
      </tr>
  </tbody>
</table>
</div>
          </div>
        </li>
        <li class="test-item"  status="fail" test-id="11"
          author=""
          tag="functional"
          device="">
          <div class="test-detail">
            <p class="name">testCases.HRMS.HRCore.CreateDeleteFullEmployeeTest.verifyAttendanceTab</p>
            <p class="text-sm">
              <span>5:06:44 pm</span> / <span>00:00:00:080</span>
              <span class="badge fail-bg log float-right">Fail</span>
            </p>
          </div>
          <div class="test-contents d-none">
<div class="detail-head">
<div class="p-v-10">
<div class="info">
<h5 class="test-status text-fail">testCases.HRMS.HRCore.CreateDeleteFullEmployeeTest.verifyAttendanceTab</h5>
<span class='badge badge-success'>09.29.2025 5:06:44 pm</span>
<span class='badge badge-danger'>09.29.2025 5:06:44 pm</span>
<span class='badge badge-default'>00:00:00:080</span>
&middot; <span class='uri-anchor badge badge-default'>#test-id=11</span>
<span title='Skip to the next failed step' class='badge badge-danger pointer float-right ne ml-1'><i class="fa fa-fast-forward"></i></span>
<span title='Collapse all nodes' class='badge badge-default pointer float-right ct ml-1'><i class="fa fa-compress"></i></span>
<span title='Expand all nodes' class='badge badge-default pointer float-right et'><i class="fa fa-expand"></i></span>
</div>
<div class="m-t-15"><span class="badge badge-pill badge-default">functional</span></div>
</div>
</div>    <div class="row mb-3"><div class="col-md-3">
    

<img data-featherlight='D:\Vaibhav\Automation\IdeaProjects\Enfinity_HybridFramework\screenshots\verifyAttendanceTab_20250929050644.png' src="D:\Vaibhav\Automation\IdeaProjects\Enfinity_HybridFramework\screenshots\verifyAttendanceTab_20250929050644.png">
  
    

    </div></div>
<div class="detail-body mt-4">
<table class="table table-sm">
  <thead><tr><th class="status-col">Status</th><th class="timestamp-col">Timestamp</th><th class="details-col">Details</th></tr></thead>
  <tbody>
      <tr class="event-row">
        <td><span class="badge log fail-bg">Fail</span></td>
        <td>5:06:44 pm</td>
        <td>
          verifyAttendanceTab got failed
        </td>
      </tr>
      <tr class="event-row">
        <td><span class="badge log info-bg">Info</span></td>
        <td>5:06:44 pm</td>
        <td>
          Test case failed: org.openqa.selenium.NoSuchElementException: no such element: Unable to locate element: {"method":"xpath","selector":"//input[contains(@id,'ShiftPreference')]"}
  (Session info: chrome=140.0.7339.208)
For documentation on this error, please visit: https://www.selenium.dev/documentation/webdriver/troubleshooting/errors#no-such-element-exception
Build info: version: '4.33.0', revision: '2c6aaad03a'
System info: os.name: 'Windows 10', os.arch: 'amd64', os.version: '10.0', java.version: '22'
Driver info: org.openqa.selenium.chrome.ChromeDriver
Command: [72043456d38d74089c5f4b9eb366e22e, findElement {using=xpath, value=//input[contains(@id,'ShiftPreference')]}]
Capabilities {acceptInsecureCerts: false, browserName: chrome, browserVersion: 140.0.7339.208, chrome: {chromedriverVersion: 140.0.7339.207 (17230b545fd..., userDataDir: C:\Users\admin\AppData\Loca...}, fedcm:accounts: true, goog:chromeOptions: {debuggerAddress: localhost:61082}, networkConnectionEnabled: false, pageLoadStrategy: normal, platformName: windows, proxy: Proxy(), se:cdp: ws://localhost:61082/devtoo..., se:cdpVersion: 140.0.7339.208, setWindowRect: true, strictFileInteractability: false, timeouts: {implicit: 0, pageLoad: 300000, script: 30000}, unhandledPromptBehavior: dismiss and notify, webauthn:extension:credBlob: true, webauthn:extension:largeBlob: true, webauthn:extension:minPinLength: true, webauthn:extension:prf: true, webauthn:virtualAuthenticators: true}
Session ID: 72043456d38d74089c5f4b9eb366e22e
        </td>
      </tr>
  </tbody>
</table>
</div>
          </div>
        </li>
        <li class="test-item"  status="skip" test-id="12"
          author=""
          tag="functional"
          device="">
          <div class="test-detail">
            <p class="name">testCases.HRMS.HRCore.CreateDeleteFullEmployeeTest.verifyDocumentsTab</p>
            <p class="text-sm">
              <span>5:06:50 pm</span> / <span>00:00:00:001</span>
              <span class="badge skip-bg log float-right">Skip</span>
            </p>
          </div>
          <div class="test-contents d-none">
<div class="detail-head">
<div class="p-v-10">
<div class="info">
<h5 class="test-status text-skip">testCases.HRMS.HRCore.CreateDeleteFullEmployeeTest.verifyDocumentsTab</h5>
<span class='badge badge-success'>09.29.2025 5:06:50 pm</span>
<span class='badge badge-danger'>09.29.2025 5:06:50 pm</span>
<span class='badge badge-default'>00:00:00:001</span>
&middot; <span class='uri-anchor badge badge-default'>#test-id=12</span>
<span title='Skip to the next failed step' class='badge badge-danger pointer float-right ne ml-1'><i class="fa fa-fast-forward"></i></span>
<span title='Collapse all nodes' class='badge badge-default pointer float-right ct ml-1'><i class="fa fa-compress"></i></span>
<span title='Expand all nodes' class='badge badge-default pointer float-right et'><i class="fa fa-expand"></i></span>
</div>
<div class="m-t-15"><span class="badge badge-pill badge-default">functional</span></div>
</div>
</div><div class="detail-body mt-4">
<table class="table table-sm">
  <thead><tr><th class="status-col">Status</th><th class="timestamp-col">Timestamp</th><th class="details-col">Details</th></tr></thead>
  <tbody>
      <tr class="event-row">
        <td><span class="badge log skip-bg">Skip</span></td>
        <td>5:06:50 pm</td>
        <td>
          verifyDocumentsTab got skipped
        </td>
      </tr>
      <tr class="event-row">
        <td><span class="badge log info-bg">Info</span></td>
        <td>5:06:50 pm</td>
        <td>
          Test case failed: org.openqa.selenium.ElementClickInterceptedException: element click intercepted: Element <div class="dx-item dx-list-item" role="option" aria-selected="false">...</div> is not clickable at point (762, 251). Other element would receive the click: <input autocomplete="off" id="dx_dx-c6f7b320-3bdc-2d7f-d796-4a45f1e4b7c8_DateOfExpiry" class="dx-texteditor-input" aria-haspopup="true" aria-autocomplete="none" role="combobox" type="text" spellcheck="false" tabindex="0" aria-expanded="false" aria-required="true">
  (Session info: chrome=140.0.7339.208)
Build info: version: '4.33.0', revision: '2c6aaad03a'
System info: os.name: 'Windows 10', os.arch: 'amd64', os.version: '10.0', java.version: '22'
Driver info: org.openqa.selenium.chrome.ChromeDriver
Command: [72043456d38d74089c5f4b9eb366e22e, clickElement {id=f.E9C50833E68F3B2FCE9B6CAD58ECDAA9.d.CD1EB960220E4F9F8B89DD64C86CCD0F.e.1467}]
Capabilities {acceptInsecureCerts: false, browserName: chrome, browserVersion: 140.0.7339.208, chrome: {chromedriverVersion: 140.0.7339.207 (17230b545fd..., userDataDir: C:\Users\admin\AppData\Loca...}, fedcm:accounts: true, goog:chromeOptions: {debuggerAddress: localhost:61082}, networkConnectionEnabled: false, pageLoadStrategy: normal, platformName: windows, proxy: Proxy(), se:cdp: ws://localhost:61082/devtoo..., se:cdpVersion: 140.0.7339.208, setWindowRect: true, strictFileInteractability: false, timeouts: {implicit: 0, pageLoad: 300000, script: 30000}, unhandledPromptBehavior: dismiss and notify, webauthn:extension:credBlob: true, webauthn:extension:largeBlob: true, webauthn:extension:minPinLength: true, webauthn:extension:prf: true, webauthn:virtualAuthenticators: true}
Element: [[ChromeDriver: chrome on windows (72043456d38d74089c5f4b9eb366e22e)] -> xpath: //div[@class='dx-item dx-list-item']]
Session ID: 72043456d38d74089c5f4b9eb366e22e
        </td>
      </tr>
  </tbody>
</table>
</div>
          </div>
        </li>
        <li class="test-item"  status="fail" test-id="13"
          author=""
          tag="functional"
          device="">
          <div class="test-detail">
            <p class="name">testCases.HRMS.HRCore.CreateDeleteFullEmployeeTest.verifyDocumentsTab</p>
            <p class="text-sm">
              <span>5:06:51 pm</span> / <span>00:00:00:105</span>
              <span class="badge fail-bg log float-right">Fail</span>
            </p>
          </div>
          <div class="test-contents d-none">
<div class="detail-head">
<div class="p-v-10">
<div class="info">
<h5 class="test-status text-fail">testCases.HRMS.HRCore.CreateDeleteFullEmployeeTest.verifyDocumentsTab</h5>
<span class='badge badge-success'>09.29.2025 5:06:51 pm</span>
<span class='badge badge-danger'>09.29.2025 5:06:52 pm</span>
<span class='badge badge-default'>00:00:00:105</span>
&middot; <span class='uri-anchor badge badge-default'>#test-id=13</span>
<span title='Skip to the next failed step' class='badge badge-danger pointer float-right ne ml-1'><i class="fa fa-fast-forward"></i></span>
<span title='Collapse all nodes' class='badge badge-default pointer float-right ct ml-1'><i class="fa fa-compress"></i></span>
<span title='Expand all nodes' class='badge badge-default pointer float-right et'><i class="fa fa-expand"></i></span>
</div>
<div class="m-t-15"><span class="badge badge-pill badge-default">functional</span></div>
</div>
</div>    <div class="row mb-3"><div class="col-md-3">
    

<img data-featherlight='D:\Vaibhav\Automation\IdeaProjects\Enfinity_HybridFramework\screenshots\verifyDocumentsTab_20250929050651.png' src="D:\Vaibhav\Automation\IdeaProjects\Enfinity_HybridFramework\screenshots\verifyDocumentsTab_20250929050651.png">
  
    

    </div></div>
<div class="detail-body mt-4">
<table class="table table-sm">
  <thead><tr><th class="status-col">Status</th><th class="timestamp-col">Timestamp</th><th class="details-col">Details</th></tr></thead>
  <tbody>
      <tr class="event-row">
        <td><span class="badge log fail-bg">Fail</span></td>
        <td>5:06:51 pm</td>
        <td>
          verifyDocumentsTab got failed
        </td>
      </tr>
      <tr class="event-row">
        <td><span class="badge log info-bg">Info</span></td>
        <td>5:06:51 pm</td>
        <td>
          Test case failed: org.openqa.selenium.ElementClickInterceptedException: element click intercepted: Element <span class="dx-vam dxm-contentText">...</span> is not clickable at point (732, 195). Other element would receive the click: <div class="dx-datagrid-edit-form-item dx-first-col dx-last-col dx-field-item dx-col-0 dx-field-item-optional dx-flex-layout dx-label-h-align">...</div>
  (Session info: chrome=140.0.7339.208)
Build info: version: '4.33.0', revision: '2c6aaad03a'
System info: os.name: 'Windows 10', os.arch: 'amd64', os.version: '10.0', java.version: '22'
Driver info: org.openqa.selenium.chrome.ChromeDriver
Command: [72043456d38d74089c5f4b9eb366e22e, clickElement {id=f.E9C50833E68F3B2FCE9B6CAD58ECDAA9.d.CD1EB960220E4F9F8B89DD64C86CCD0F.e.1476}]
Capabilities {acceptInsecureCerts: false, browserName: chrome, browserVersion: 140.0.7339.208, chrome: {chromedriverVersion: 140.0.7339.207 (17230b545fd..., userDataDir: C:\Users\admin\AppData\Loca...}, fedcm:accounts: true, goog:chromeOptions: {debuggerAddress: localhost:61082}, networkConnectionEnabled: false, pageLoadStrategy: normal, platformName: windows, proxy: Proxy(), se:cdp: ws://localhost:61082/devtoo..., se:cdpVersion: 140.0.7339.208, setWindowRect: true, strictFileInteractability: false, timeouts: {implicit: 0, pageLoad: 300000, script: 30000}, unhandledPromptBehavior: dismiss and notify, webauthn:extension:credBlob: true, webauthn:extension:largeBlob: true, webauthn:extension:minPinLength: true, webauthn:extension:prf: true, webauthn:virtualAuthenticators: true}
Element: [[ChromeDriver: chrome on windows (72043456d38d74089c5f4b9eb366e22e)] -> xpath: //span[normalize-space()='Documents']]
Session ID: 72043456d38d74089c5f4b9eb366e22e
        </td>
      </tr>
  </tbody>
</table>
</div>
          </div>
        </li>
        <li class="test-item"  status="skip" test-id="14"
          author=""
          tag="functional"
          device="">
          <div class="test-detail">
            <p class="name">testCases.HRMS.HRCore.CreateDeleteFullEmployeeTest.verifyPerformanceTab</p>
            <p class="text-sm">
              <span>5:06:53 pm</span> / <span>00:00:00:000</span>
              <span class="badge skip-bg log float-right">Skip</span>
            </p>
          </div>
          <div class="test-contents d-none">
<div class="detail-head">
<div class="p-v-10">
<div class="info">
<h5 class="test-status text-skip">testCases.HRMS.HRCore.CreateDeleteFullEmployeeTest.verifyPerformanceTab</h5>
<span class='badge badge-success'>09.29.2025 5:06:53 pm</span>
<span class='badge badge-danger'>09.29.2025 5:06:53 pm</span>
<span class='badge badge-default'>00:00:00:000</span>
&middot; <span class='uri-anchor badge badge-default'>#test-id=14</span>
<span title='Skip to the next failed step' class='badge badge-danger pointer float-right ne ml-1'><i class="fa fa-fast-forward"></i></span>
<span title='Collapse all nodes' class='badge badge-default pointer float-right ct ml-1'><i class="fa fa-compress"></i></span>
<span title='Expand all nodes' class='badge badge-default pointer float-right et'><i class="fa fa-expand"></i></span>
</div>
<div class="m-t-15"><span class="badge badge-pill badge-default">functional</span></div>
</div>
</div><div class="detail-body mt-4">
<table class="table table-sm">
  <thead><tr><th class="status-col">Status</th><th class="timestamp-col">Timestamp</th><th class="details-col">Details</th></tr></thead>
  <tbody>
      <tr class="event-row">
        <td><span class="badge log skip-bg">Skip</span></td>
        <td>5:06:53 pm</td>
        <td>
          verifyPerformanceTab got skipped
        </td>
      </tr>
      <tr class="event-row">
        <td><span class="badge log info-bg">Info</span></td>
        <td>5:06:53 pm</td>
        <td>
          Test case failed: org.openqa.selenium.ElementClickInterceptedException: element click intercepted: Element <span class="dx-vam dxm-contentText">...</span> is not clickable at point (856, 195). Other element would receive the click: <div class="dx-datagrid-edit-form-item dx-first-col dx-last-col dx-field-item dx-col-0 dx-field-item-optional dx-flex-layout dx-label-h-align">...</div>
  (Session info: chrome=140.0.7339.208)
Build info: version: '4.33.0', revision: '2c6aaad03a'
System info: os.name: 'Windows 10', os.arch: 'amd64', os.version: '10.0', java.version: '22'
Driver info: org.openqa.selenium.chrome.ChromeDriver
Command: [72043456d38d74089c5f4b9eb366e22e, clickElement {id=f.E9C50833E68F3B2FCE9B6CAD58ECDAA9.d.CD1EB960220E4F9F8B89DD64C86CCD0F.e.1477}]
Capabilities {acceptInsecureCerts: false, browserName: chrome, browserVersion: 140.0.7339.208, chrome: {chromedriverVersion: 140.0.7339.207 (17230b545fd..., userDataDir: C:\Users\admin\AppData\Loca...}, fedcm:accounts: true, goog:chromeOptions: {debuggerAddress: localhost:61082}, networkConnectionEnabled: false, pageLoadStrategy: normal, platformName: windows, proxy: Proxy(), se:cdp: ws://localhost:61082/devtoo..., se:cdpVersion: 140.0.7339.208, setWindowRect: true, strictFileInteractability: false, timeouts: {implicit: 0, pageLoad: 300000, script: 30000}, unhandledPromptBehavior: dismiss and notify, webauthn:extension:credBlob: true, webauthn:extension:largeBlob: true, webauthn:extension:minPinLength: true, webauthn:extension:prf: true, webauthn:virtualAuthenticators: true}
Element: [[ChromeDriver: chrome on windows (72043456d38d74089c5f4b9eb366e22e)] -> xpath: //a[@id='employeeProfileMenu_DXI6_T']//span[@class='dx-vam dxm-contentText'][normalize-space()='Performance']]
Session ID: 72043456d38d74089c5f4b9eb366e22e
        </td>
      </tr>
  </tbody>
</table>
</div>
          </div>
        </li>
        <li class="test-item"  status="fail" test-id="15"
          author=""
          tag="functional"
          device="">
          <div class="test-detail">
            <p class="name">testCases.HRMS.HRCore.CreateDeleteFullEmployeeTest.verifyPerformanceTab</p>
            <p class="text-sm">
              <span>5:06:54 pm</span> / <span>00:00:00:067</span>
              <span class="badge fail-bg log float-right">Fail</span>
            </p>
          </div>
          <div class="test-contents d-none">
<div class="detail-head">
<div class="p-v-10">
<div class="info">
<h5 class="test-status text-fail">testCases.HRMS.HRCore.CreateDeleteFullEmployeeTest.verifyPerformanceTab</h5>
<span class='badge badge-success'>09.29.2025 5:06:54 pm</span>
<span class='badge badge-danger'>09.29.2025 5:06:54 pm</span>
<span class='badge badge-default'>00:00:00:067</span>
&middot; <span class='uri-anchor badge badge-default'>#test-id=15</span>
<span title='Skip to the next failed step' class='badge badge-danger pointer float-right ne ml-1'><i class="fa fa-fast-forward"></i></span>
<span title='Collapse all nodes' class='badge badge-default pointer float-right ct ml-1'><i class="fa fa-compress"></i></span>
<span title='Expand all nodes' class='badge badge-default pointer float-right et'><i class="fa fa-expand"></i></span>
</div>
<div class="m-t-15"><span class="badge badge-pill badge-default">functional</span></div>
</div>
</div>    <div class="row mb-3"><div class="col-md-3">
    

<img data-featherlight='D:\Vaibhav\Automation\IdeaProjects\Enfinity_HybridFramework\screenshots\verifyPerformanceTab_20250929050654.png' src="D:\Vaibhav\Automation\IdeaProjects\Enfinity_HybridFramework\screenshots\verifyPerformanceTab_20250929050654.png">
  
    

    </div></div>
<div class="detail-body mt-4">
<table class="table table-sm">
  <thead><tr><th class="status-col">Status</th><th class="timestamp-col">Timestamp</th><th class="details-col">Details</th></tr></thead>
  <tbody>
      <tr class="event-row">
        <td><span class="badge log fail-bg">Fail</span></td>
        <td>5:06:54 pm</td>
        <td>
          verifyPerformanceTab got failed
        </td>
      </tr>
      <tr class="event-row">
        <td><span class="badge log info-bg">Info</span></td>
        <td>5:06:54 pm</td>
        <td>
          Test case failed: org.openqa.selenium.ElementClickInterceptedException: element click intercepted: Element <span class="dx-vam dxm-contentText">...</span> is not clickable at point (856, 195). Other element would receive the click: <div class="dx-datagrid-edit-form-item dx-first-col dx-last-col dx-field-item dx-col-0 dx-field-item-optional dx-flex-layout dx-label-h-align">...</div>
  (Session info: chrome=140.0.7339.208)
Build info: version: '4.33.0', revision: '2c6aaad03a'
System info: os.name: 'Windows 10', os.arch: 'amd64', os.version: '10.0', java.version: '22'
Driver info: org.openqa.selenium.chrome.ChromeDriver
Command: [72043456d38d74089c5f4b9eb366e22e, clickElement {id=f.E9C50833E68F3B2FCE9B6CAD58ECDAA9.d.CD1EB960220E4F9F8B89DD64C86CCD0F.e.1477}]
Capabilities {acceptInsecureCerts: false, browserName: chrome, browserVersion: 140.0.7339.208, chrome: {chromedriverVersion: 140.0.7339.207 (17230b545fd..., userDataDir: C:\Users\admin\AppData\Loca...}, fedcm:accounts: true, goog:chromeOptions: {debuggerAddress: localhost:61082}, networkConnectionEnabled: false, pageLoadStrategy: normal, platformName: windows, proxy: Proxy(), se:cdp: ws://localhost:61082/devtoo..., se:cdpVersion: 140.0.7339.208, setWindowRect: true, strictFileInteractability: false, timeouts: {implicit: 0, pageLoad: 300000, script: 30000}, unhandledPromptBehavior: dismiss and notify, webauthn:extension:credBlob: true, webauthn:extension:largeBlob: true, webauthn:extension:minPinLength: true, webauthn:extension:prf: true, webauthn:virtualAuthenticators: true}
Element: [[ChromeDriver: chrome on windows (72043456d38d74089c5f4b9eb366e22e)] -> xpath: //a[@id='employeeProfileMenu_DXI6_T']//span[@class='dx-vam dxm-contentText'][normalize-space()='Performance']]
Session ID: 72043456d38d74089c5f4b9eb366e22e
        </td>
      </tr>
  </tbody>
</table>
</div>
          </div>
        </li>
        <li class="test-item"  status="skip" test-id="16"
          author=""
          tag="functional"
          device="">
          <div class="test-detail">
            <p class="name">testCases.HRMS.HRCore.CreateDeleteFullEmployeeTest.verifyIntegrationTab</p>
            <p class="text-sm">
              <span>5:07:04 pm</span> / <span>00:00:00:000</span>
              <span class="badge skip-bg log float-right">Skip</span>
            </p>
          </div>
          <div class="test-contents d-none">
<div class="detail-head">
<div class="p-v-10">
<div class="info">
<h5 class="test-status text-skip">testCases.HRMS.HRCore.CreateDeleteFullEmployeeTest.verifyIntegrationTab</h5>
<span class='badge badge-success'>09.29.2025 5:07:04 pm</span>
<span class='badge badge-danger'>09.29.2025 5:07:04 pm</span>
<span class='badge badge-default'>00:00:00:000</span>
&middot; <span class='uri-anchor badge badge-default'>#test-id=16</span>
<span title='Skip to the next failed step' class='badge badge-danger pointer float-right ne ml-1'><i class="fa fa-fast-forward"></i></span>
<span title='Collapse all nodes' class='badge badge-default pointer float-right ct ml-1'><i class="fa fa-compress"></i></span>
<span title='Expand all nodes' class='badge badge-default pointer float-right et'><i class="fa fa-expand"></i></span>
</div>
<div class="m-t-15"><span class="badge badge-pill badge-default">functional</span></div>
</div>
</div><div class="detail-body mt-4">
<table class="table table-sm">
  <thead><tr><th class="status-col">Status</th><th class="timestamp-col">Timestamp</th><th class="details-col">Details</th></tr></thead>
  <tbody>
      <tr class="event-row">
        <td><span class="badge log skip-bg">Skip</span></td>
        <td>5:07:04 pm</td>
        <td>
          verifyIntegrationTab got skipped
        </td>
      </tr>
      <tr class="event-row">
        <td><span class="badge log info-bg">Info</span></td>
        <td>5:07:04 pm</td>
        <td>
          Test case failed: org.openqa.selenium.NoSuchElementException: no such element: Unable to locate element: {"method":"xpath","selector":"//span[normalize-space()='Integration']"}
  (Session info: chrome=140.0.7339.208)
For documentation on this error, please visit: https://www.selenium.dev/documentation/webdriver/troubleshooting/errors#no-such-element-exception
Build info: version: '4.33.0', revision: '2c6aaad03a'
System info: os.name: 'Windows 10', os.arch: 'amd64', os.version: '10.0', java.version: '22'
Driver info: org.openqa.selenium.chrome.ChromeDriver
Command: [72043456d38d74089c5f4b9eb366e22e, findElement {using=xpath, value=//span[normalize-space()='Integration']}]
Capabilities {acceptInsecureCerts: false, browserName: chrome, browserVersion: 140.0.7339.208, chrome: {chromedriverVersion: 140.0.7339.207 (17230b545fd..., userDataDir: C:\Users\admin\AppData\Loca...}, fedcm:accounts: true, goog:chromeOptions: {debuggerAddress: localhost:61082}, networkConnectionEnabled: false, pageLoadStrategy: normal, platformName: windows, proxy: Proxy(), se:cdp: ws://localhost:61082/devtoo..., se:cdpVersion: 140.0.7339.208, setWindowRect: true, strictFileInteractability: false, timeouts: {implicit: 0, pageLoad: 300000, script: 30000}, unhandledPromptBehavior: dismiss and notify, webauthn:extension:credBlob: true, webauthn:extension:largeBlob: true, webauthn:extension:minPinLength: true, webauthn:extension:prf: true, webauthn:virtualAuthenticators: true}
Session ID: 72043456d38d74089c5f4b9eb366e22e
        </td>
      </tr>
  </tbody>
</table>
</div>
          </div>
        </li>
        <li class="test-item"  status="fail" test-id="17"
          author=""
          tag="functional"
          device="">
          <div class="test-detail">
            <p class="name">testCases.HRMS.HRCore.CreateDeleteFullEmployeeTest.verifyIntegrationTab</p>
            <p class="text-sm">
              <span>5:07:26 pm</span> / <span>00:00:00:076</span>
              <span class="badge fail-bg log float-right">Fail</span>
            </p>
          </div>
          <div class="test-contents d-none">
<div class="detail-head">
<div class="p-v-10">
<div class="info">
<h5 class="test-status text-fail">testCases.HRMS.HRCore.CreateDeleteFullEmployeeTest.verifyIntegrationTab</h5>
<span class='badge badge-success'>09.29.2025 5:07:26 pm</span>
<span class='badge badge-danger'>09.29.2025 5:07:26 pm</span>
<span class='badge badge-default'>00:00:00:076</span>
&middot; <span class='uri-anchor badge badge-default'>#test-id=17</span>
<span title='Skip to the next failed step' class='badge badge-danger pointer float-right ne ml-1'><i class="fa fa-fast-forward"></i></span>
<span title='Collapse all nodes' class='badge badge-default pointer float-right ct ml-1'><i class="fa fa-compress"></i></span>
<span title='Expand all nodes' class='badge badge-default pointer float-right et'><i class="fa fa-expand"></i></span>
</div>
<div class="m-t-15"><span class="badge badge-pill badge-default">functional</span></div>
</div>
</div>    <div class="row mb-3"><div class="col-md-3">
    

<img data-featherlight='D:\Vaibhav\Automation\IdeaProjects\Enfinity_HybridFramework\screenshots\verifyIntegrationTab_20250929050726.png' src="D:\Vaibhav\Automation\IdeaProjects\Enfinity_HybridFramework\screenshots\verifyIntegrationTab_20250929050726.png">
  
    

    </div></div>
<div class="detail-body mt-4">
<table class="table table-sm">
  <thead><tr><th class="status-col">Status</th><th class="timestamp-col">Timestamp</th><th class="details-col">Details</th></tr></thead>
  <tbody>
      <tr class="event-row">
        <td><span class="badge log fail-bg">Fail</span></td>
        <td>5:07:26 pm</td>
        <td>
          verifyIntegrationTab got failed
        </td>
      </tr>
      <tr class="event-row">
        <td><span class="badge log info-bg">Info</span></td>
        <td>5:07:26 pm</td>
        <td>
          Test case failed: org.openqa.selenium.NoSuchElementException: no such element: Unable to locate element: {"method":"xpath","selector":"//span[normalize-space()='Integration']"}
  (Session info: chrome=140.0.7339.208)
For documentation on this error, please visit: https://www.selenium.dev/documentation/webdriver/troubleshooting/errors#no-such-element-exception
Build info: version: '4.33.0', revision: '2c6aaad03a'
System info: os.name: 'Windows 10', os.arch: 'amd64', os.version: '10.0', java.version: '22'
Driver info: org.openqa.selenium.chrome.ChromeDriver
Command: [72043456d38d74089c5f4b9eb366e22e, findElement {using=xpath, value=//span[normalize-space()='Integration']}]
Capabilities {acceptInsecureCerts: false, browserName: chrome, browserVersion: 140.0.7339.208, chrome: {chromedriverVersion: 140.0.7339.207 (17230b545fd..., userDataDir: C:\Users\admin\AppData\Loca...}, fedcm:accounts: true, goog:chromeOptions: {debuggerAddress: localhost:61082}, networkConnectionEnabled: false, pageLoadStrategy: normal, platformName: windows, proxy: Proxy(), se:cdp: ws://localhost:61082/devtoo..., se:cdpVersion: 140.0.7339.208, setWindowRect: true, strictFileInteractability: false, timeouts: {implicit: 0, pageLoad: 300000, script: 30000}, unhandledPromptBehavior: dismiss and notify, webauthn:extension:credBlob: true, webauthn:extension:largeBlob: true, webauthn:extension:minPinLength: true, webauthn:extension:prf: true, webauthn:virtualAuthenticators: true}
Session ID: 72043456d38d74089c5f4b9eb366e22e
        </td>
      </tr>
  </tbody>
</table>
</div>
          </div>
        </li>
        <li class="test-item"  status="skip" test-id="18"
          author=""
          tag="functional"
          device="">
          <div class="test-detail">
            <p class="name">testCases.HRMS.HRCore.CreateDeleteFullEmployeeTest.verifyResidencyInfoTab</p>
            <p class="text-sm">
              <span>5:07:26 pm</span> / <span>00:00:00:000</span>
              <span class="badge skip-bg log float-right">Skip</span>
            </p>
          </div>
          <div class="test-contents d-none">
<div class="detail-head">
<div class="p-v-10">
<div class="info">
<h5 class="test-status text-skip">testCases.HRMS.HRCore.CreateDeleteFullEmployeeTest.verifyResidencyInfoTab</h5>
<span class='badge badge-success'>09.29.2025 5:07:26 pm</span>
<span class='badge badge-danger'>09.29.2025 5:07:26 pm</span>
<span class='badge badge-default'>00:00:00:000</span>
&middot; <span class='uri-anchor badge badge-default'>#test-id=18</span>
<span title='Skip to the next failed step' class='badge badge-danger pointer float-right ne ml-1'><i class="fa fa-fast-forward"></i></span>
<span title='Collapse all nodes' class='badge badge-default pointer float-right ct ml-1'><i class="fa fa-compress"></i></span>
<span title='Expand all nodes' class='badge badge-default pointer float-right et'><i class="fa fa-expand"></i></span>
</div>
<div class="m-t-15"><span class="badge badge-pill badge-default">functional</span></div>
</div>
</div><div class="detail-body mt-4">
<table class="table table-sm">
  <thead><tr><th class="status-col">Status</th><th class="timestamp-col">Timestamp</th><th class="details-col">Details</th></tr></thead>
  <tbody>
      <tr class="event-row">
        <td><span class="badge log skip-bg">Skip</span></td>
        <td>5:07:26 pm</td>
        <td>
          verifyResidencyInfoTab got skipped
        </td>
      </tr>
      <tr class="event-row">
        <td><span class="badge log info-bg">Info</span></td>
        <td>5:07:26 pm</td>
        <td>
          Test case failed: java.lang.RuntimeException: Failed to parse JSON list data model
        </td>
      </tr>
  </tbody>
</table>
</div>
          </div>
        </li>
        <li class="test-item"  status="fail" test-id="19"
          author=""
          tag="functional"
          device="">
          <div class="test-detail">
            <p class="name">testCases.HRMS.HRCore.CreateDeleteFullEmployeeTest.verifyResidencyInfoTab</p>
            <p class="text-sm">
              <span>5:07:26 pm</span> / <span>00:00:00:069</span>
              <span class="badge fail-bg log float-right">Fail</span>
            </p>
          </div>
          <div class="test-contents d-none">
<div class="detail-head">
<div class="p-v-10">
<div class="info">
<h5 class="test-status text-fail">testCases.HRMS.HRCore.CreateDeleteFullEmployeeTest.verifyResidencyInfoTab</h5>
<span class='badge badge-success'>09.29.2025 5:07:26 pm</span>
<span class='badge badge-danger'>09.29.2025 5:07:26 pm</span>
<span class='badge badge-default'>00:00:00:069</span>
&middot; <span class='uri-anchor badge badge-default'>#test-id=19</span>
<span title='Skip to the next failed step' class='badge badge-danger pointer float-right ne ml-1'><i class="fa fa-fast-forward"></i></span>
<span title='Collapse all nodes' class='badge badge-default pointer float-right ct ml-1'><i class="fa fa-compress"></i></span>
<span title='Expand all nodes' class='badge badge-default pointer float-right et'><i class="fa fa-expand"></i></span>
</div>
<div class="m-t-15"><span class="badge badge-pill badge-default">functional</span></div>
</div>
</div>    <div class="row mb-3"><div class="col-md-3">
    

<img data-featherlight='D:\Vaibhav\Automation\IdeaProjects\Enfinity_HybridFramework\screenshots\verifyResidencyInfoTab_20250929050726.png' src="D:\Vaibhav\Automation\IdeaProjects\Enfinity_HybridFramework\screenshots\verifyResidencyInfoTab_20250929050726.png">
  
    

    </div></div>
<div class="detail-body mt-4">
<table class="table table-sm">
  <thead><tr><th class="status-col">Status</th><th class="timestamp-col">Timestamp</th><th class="details-col">Details</th></tr></thead>
  <tbody>
      <tr class="event-row">
        <td><span class="badge log fail-bg">Fail</span></td>
        <td>5:07:26 pm</td>
        <td>
          verifyResidencyInfoTab got failed
        </td>
      </tr>
      <tr class="event-row">
        <td><span class="badge log info-bg">Info</span></td>
        <td>5:07:26 pm</td>
        <td>
          Test case failed: java.lang.RuntimeException: Failed to parse JSON list data model
        </td>
      </tr>
  </tbody>
</table>
</div>
          </div>
        </li>
      </ul>
    </div>
  </div>
<div class="test-content scrollable">
<div class="test-content-tools">
<ul><li><a class="back-to-test" href="#"><i class="fa fa-arrow-left"></i></a></li></ul>
</div>
<div class="test-content-detail"><div class="detail-body"></div></div>
</div></div>
<div class="test-wrapper row view category-view attributes-view">
<div class="test-list">
<div class="test-list-tools">
<ul class="tools pull-left"><li><a href=""><span class="font-size-14">Category</span></a></li></ul>
<ul class="tools text-right"><li><a href="#"><span class="badge badge-primary">1</span></a></li></ul>
</div>
<div class="test-list-wrapper scrollable">
<ul class="test-list-item">
<li class="test-item">
<div class="test-detail">
<span class="meta">
<span class='badge log pass-bg'>1</span>
<span class='badge log badge-danger'>9</span>
<span class='badge log badge-skip'>9</span>
</span>
<p class="name">functional</p>
<p class="duration text-sm">19 tests</p>
</div>
<div class="test-contents d-none">
<div class="info">
<h4>functional</h4>
<span status="pass" class='badge log pass-bg'>1 passed</span>
<span status="fail" class='badge log badge-danger'>9 failed</span>
<span status="skip" class='badge log badge-skip'>9 skipped</span>
</div>
<table class='table table-sm mt-4'>
<thead>
<tr>
<th class="status-col">Status</th>
<th class="timestamp-col">Timestamp</th>
<th>TestName</th>
</tr>
</thead>
<tbody>
<tr class="tag-test-status" status="pass">
<td><span class="badge log pass-bg">Pass</span></td>
<td>17:04:33 pm</td>
<td>
<a href="#" class="linked" test-id='1' id='1'>testCases.HRMS.HRCore.CreateDeleteFullEmployeeTest.createNewPayrollEmployee</a>
</td>
</tr>
<tr class="tag-test-status" status="skip">
<td><span class="badge log skip-bg">Skip</span></td>
<td>17:04:44 pm</td>
<td>
<a href="#" class="linked" test-id='2' id='2'>testCases.HRMS.HRCore.CreateDeleteFullEmployeeTest.verifyPersonalTab</a>
</td>
</tr>
<tr class="tag-test-status" status="fail">
<td><span class="badge log fail-bg">Fail</span></td>
<td>17:04:54 pm</td>
<td>
<a href="#" class="linked" test-id='3' id='3'>testCases.HRMS.HRCore.CreateDeleteFullEmployeeTest.verifyPersonalTab</a>
</td>
</tr>
<tr class="tag-test-status" status="skip">
<td><span class="badge log skip-bg">Skip</span></td>
<td>17:05:19 pm</td>
<td>
<a href="#" class="linked" test-id='4' id='4'>testCases.HRMS.HRCore.CreateDeleteFullEmployeeTest.verifyJobTab</a>
</td>
</tr>
<tr class="tag-test-status" status="fail">
<td><span class="badge log fail-bg">Fail</span></td>
<td>17:05:44 pm</td>
<td>
<a href="#" class="linked" test-id='5' id='5'>testCases.HRMS.HRCore.CreateDeleteFullEmployeeTest.verifyJobTab</a>
</td>
</tr>
<tr class="tag-test-status" status="skip">
<td><span class="badge log skip-bg">Skip</span></td>
<td>17:05:51 pm</td>
<td>
<a href="#" class="linked" test-id='6' id='6'>testCases.HRMS.HRCore.CreateDeleteFullEmployeeTest.verifyPayrollTab</a>
</td>
</tr>
<tr class="tag-test-status" status="fail">
<td><span class="badge log fail-bg">Fail</span></td>
<td>17:05:59 pm</td>
<td>
<a href="#" class="linked" test-id='7' id='7'>testCases.HRMS.HRCore.CreateDeleteFullEmployeeTest.verifyPayrollTab</a>
</td>
</tr>
<tr class="tag-test-status" status="skip">
<td><span class="badge log skip-bg">Skip</span></td>
<td>17:05:59 pm</td>
<td>
<a href="#" class="linked" test-id='8' id='8'>testCases.HRMS.HRCore.CreateDeleteFullEmployeeTest.verifyTimeOffTab</a>
</td>
</tr>
<tr class="tag-test-status" status="fail">
<td><span class="badge log fail-bg">Fail</span></td>
<td>17:05:59 pm</td>
<td>
<a href="#" class="linked" test-id='9' id='9'>testCases.HRMS.HRCore.CreateDeleteFullEmployeeTest.verifyTimeOffTab</a>
</td>
</tr>
<tr class="tag-test-status" status="skip">
<td><span class="badge log skip-bg">Skip</span></td>
<td>17:06:22 pm</td>
<td>
<a href="#" class="linked" test-id='10' id='10'>testCases.HRMS.HRCore.CreateDeleteFullEmployeeTest.verifyAttendanceTab</a>
</td>
</tr>
<tr class="tag-test-status" status="fail">
<td><span class="badge log fail-bg">Fail</span></td>
<td>17:06:44 pm</td>
<td>
<a href="#" class="linked" test-id='11' id='11'>testCases.HRMS.HRCore.CreateDeleteFullEmployeeTest.verifyAttendanceTab</a>
</td>
</tr>
<tr class="tag-test-status" status="skip">
<td><span class="badge log skip-bg">Skip</span></td>
<td>17:06:50 pm</td>
<td>
<a href="#" class="linked" test-id='12' id='12'>testCases.HRMS.HRCore.CreateDeleteFullEmployeeTest.verifyDocumentsTab</a>
</td>
</tr>
<tr class="tag-test-status" status="fail">
<td><span class="badge log fail-bg">Fail</span></td>
<td>17:06:51 pm</td>
<td>
<a href="#" class="linked" test-id='13' id='13'>testCases.HRMS.HRCore.CreateDeleteFullEmployeeTest.verifyDocumentsTab</a>
</td>
</tr>
<tr class="tag-test-status" status="skip">
<td><span class="badge log skip-bg">Skip</span></td>
<td>17:06:53 pm</td>
<td>
<a href="#" class="linked" test-id='14' id='14'>testCases.HRMS.HRCore.CreateDeleteFullEmployeeTest.verifyPerformanceTab</a>
</td>
</tr>
<tr class="tag-test-status" status="fail">
<td><span class="badge log fail-bg">Fail</span></td>
<td>17:06:54 pm</td>
<td>
<a href="#" class="linked" test-id='15' id='15'>testCases.HRMS.HRCore.CreateDeleteFullEmployeeTest.verifyPerformanceTab</a>
</td>
</tr>
<tr class="tag-test-status" status="skip">
<td><span class="badge log skip-bg">Skip</span></td>
<td>17:07:04 pm</td>
<td>
<a href="#" class="linked" test-id='16' id='16'>testCases.HRMS.HRCore.CreateDeleteFullEmployeeTest.verifyIntegrationTab</a>
</td>
</tr>
<tr class="tag-test-status" status="fail">
<td><span class="badge log fail-bg">Fail</span></td>
<td>17:07:26 pm</td>
<td>
<a href="#" class="linked" test-id='17' id='17'>testCases.HRMS.HRCore.CreateDeleteFullEmployeeTest.verifyIntegrationTab</a>
</td>
</tr>
<tr class="tag-test-status" status="skip">
<td><span class="badge log skip-bg">Skip</span></td>
<td>17:07:26 pm</td>
<td>
<a href="#" class="linked" test-id='18' id='18'>testCases.HRMS.HRCore.CreateDeleteFullEmployeeTest.verifyResidencyInfoTab</a>
</td>
</tr>
<tr class="tag-test-status" status="fail">
<td><span class="badge log fail-bg">Fail</span></td>
<td>17:07:26 pm</td>
<td>
<a href="#" class="linked" test-id='19' id='19'>testCases.HRMS.HRCore.CreateDeleteFullEmployeeTest.verifyResidencyInfoTab</a>
</td>
</tr>
</tbody>
</table>
</div>
</li>
</ul>
</div>
</div>
<div class="test-content scrollable">
<div class="test-content-detail">
<div class="detail-body"></div>
</div>
</div>
</div><div class="container-fluid p-4 view dashboard-view">
<div class="row">
<div class="col-md-3">
<div class="card"><div class="card-body">
<p class="m-b-0">Started</p>
<h3>Sept 29, 2025 05:03:37 pm</h3>
</div></div>
</div>
<div class="col-md-3">
<div class="card"><div class="card-body">
<p class="m-b-0">Ended</p>
<h3>Sept 29, 2025 05:07:26 pm</h3>
</div></div>
</div>
<div class="col-md-3">
<div class="card"><div class="card-body">
<p class="m-b-0 text-pass">Tests Passed</p>
<h3>1</h3>
</div></div>
</div>
<div class="col-md-3">
<div class="card"><div class="card-body">
<p class="m-b-0 text-fail">Tests Failed</p>
<h3>9</h3>
</div></div>
</div>
</div>
<div class="row">
<div class="col-md-6">
<div class="card">
<div class="card-header">
<h6 class="card-title">Tests</h6>
</div>
<div class="card-body">
<div class="">
<canvas id='parent-analysis' width='115' height='90'></canvas>
</div>
</div>
<div class="card-footer">
<div><small data-tooltip='5%'>
<b>1</b> tests passed
</small>
</div>
<div>
<small data-tooltip='47%'><b>9</b> tests failed,
<b>9</b> skipped, <b data-tooltip='0%'>0</b> others
</small>
</div>
</div>
</div>
</div>
<div class="col-md-6">
<div class="card">
<div class="card-header">
<h6 class="card-title">Log events</h6>
</div>
<div class="card-body">
<div class="">
<canvas id='events-analysis' width='115' height='90'></canvas>
</div>
</div>
<div class="card-footer">
<div><small data-tooltip='2%'><b>1</b> events passed</small></div>
<div>
<small data-tooltip='24%'><b>9</b> events failed,
<b data-tooltip='%'>27</b> others
</small>
</div>
</div>
</div>
</div>
</div>
<div class="row"><div class="col-md-12">
<div class="card"><div class="card-header"><p>Timeline</p></div>
<div class="card-body pt-0"><div>
<canvas id="timeline" height="120"></canvas>
</div></div>
</div>
</div></div>
<script>
var timeline = {
"testCases.HRMS.HRCore.CreateDeleteFullEmployeeTest.createNewPayrollEmployee":0.004,"testCases.HRMS.HRCore.CreateDeleteFullEmployeeTest.verifyPersonalTab":0.001,"testCases.HRMS.HRCore.CreateDeleteFullEmployeeTest.verifyPersonalTab":0.133,"testCases.HRMS.HRCore.CreateDeleteFullEmployeeTest.verifyJobTab":0.001,"testCases.HRMS.HRCore.CreateDeleteFullEmployeeTest.verifyJobTab":0.081,"testCases.HRMS.HRCore.CreateDeleteFullEmployeeTest.verifyPayrollTab":0,"testCases.HRMS.HRCore.CreateDeleteFullEmployeeTest.verifyPayrollTab":0.097,"testCases.HRMS.HRCore.CreateDeleteFullEmployeeTest.verifyTimeOffTab":0,"testCases.HRMS.HRCore.CreateDeleteFullEmployeeTest.verifyTimeOffTab":0.077,"testCases.HRMS.HRCore.CreateDeleteFullEmployeeTest.verifyAttendanceTab":0.001,"testCases.HRMS.HRCore.CreateDeleteFullEmployeeTest.verifyAttendanceTab":0.08,"testCases.HRMS.HRCore.CreateDeleteFullEmployeeTest.verifyDocumentsTab":0.001,"testCases.HRMS.HRCore.CreateDeleteFullEmployeeTest.verifyDocumentsTab":0.105,"testCases.HRMS.HRCore.CreateDeleteFullEmployeeTest.verifyPerformanceTab":0,"testCases.HRMS.HRCore.CreateDeleteFullEmployeeTest.verifyPerformanceTab":0.067,"testCases.HRMS.HRCore.CreateDeleteFullEmployeeTest.verifyIntegrationTab":0,"testCases.HRMS.HRCore.CreateDeleteFullEmployeeTest.verifyIntegrationTab":0.076,"testCases.HRMS.HRCore.CreateDeleteFullEmployeeTest.verifyResidencyInfoTab":0,"testCases.HRMS.HRCore.CreateDeleteFullEmployeeTest.verifyResidencyInfoTab":0.069
};
</script>
<div class="row">
<div class="col-lg-6 col-md-12 category-container">
<div class="card">
<div class="card-header"><p>Tags</p></div>
<div class="card-body pb-0 pt-0"><table class="table table-sm table-bordered">
<thead><tr class="bg-gray"><th>Name</th><th>Passed</th><th>Failed</th><th>Skipped</th><th>Others</th><th>Passed %</th></tr></thead><tbody>
<tr>
<td>functional</td>
<td>1</td>
<td>9</td>
<td>9</td>
<td>0</td>
<td>5.263%</td>
</tr>
</tbody>
</table></div>
</div>
</div>
<div class="col-lg-6 col-md-12 sysenv-container">
<div class="card">
<div class="card-header"><p>System/Environment</p></div>
<div class="card-body pb-0 pt-0"><table class="table table-sm table-bordered">
<thead><tr class="bg-gray"><th>Name</th><th>Value</th></tr></thead>
<tbody>
<tr>
<td>Automation Engineer (SDET)</td>
<td>Vaibhav Chavan</td>
</tr>
<tr>
<td>Application</td>
<td>Enfinity HRMS</td>
</tr>
<tr>
<td>Module</td>
<td>HRCore</td>
</tr>
<tr>
<td>Environemnt</td>
<td>QA</td>
</tr>
<tr>
<td>Operating System</td>
<td>windows</td>
</tr>
<tr>
<td>Browser</td>
<td>chrome</td>
</tr>
<tr>
<td>Groups</td>
<td>[regression, datadriven, functional]</td>
</tr>
</tbody>
</table></div>
</div>
</div>
</div>
</div>
<script>
var statusGroup = {
parentCount: 5,
passParent: 1,
failParent: 9,
warningParent: 0,
skipParent: 9,
childCount: 5,
passChild: 0,
failChild: 0,
warningChild: 0,
skipChild: 0,
infoChild: 0,
grandChildCount: 5,
passGrandChild: 0,
failGrandChild: 0,
warningGrandChild: 0,
skipGrandChild: 0,
infoGrandChild: 0,
eventsCount: 5,
passEvents: 1,
failEvents: 9,
warningEvents: 0,
skipEvents: 9,
infoEvents: 18
};
</script>        </div>
      </div>
    </div>
  </div>
<script src="https://cdn.jsdelivr.net/gh/extent-framework/extent-github-cdn@c05cd28cde1617b9d0c05a831daff6cb97fd9fd5/spark/js/spark-script.js"></script>
<script type="text/javascript"></script></body>
</html>